<?xml version="1.0" encoding="UTF-8"?>
<!-- Generated by org.testng.reporters.JUnitReportReporter -->
<testsuite ignored="1" hostname="DESKTOP-P79UVLA" failures="0" tests="1" name="com.SC.QA.EndToEnd.TestCases.EndToEndTests" time="45.622" errors="0" timestamp="06 Mar 2024 09:25:48 GMT" skipped="0">
  <testcase classname="com.SC.QA.EndToEnd.TestCases.EndToEndTests" name="FillingApplication" time="45.622"/>
  <testcase classname="com.SC.QA.EndToEnd.TestCases.EndToEndTests" name="verifySelectAnyJobCircular">
    <skipped/>
  </testcase> <!-- verifySelectAnyJobCircular -->
</testsuite> <!-- com.SC.QA.EndToEnd.TestCases.EndToEndTests -->
